# JRE version: Java(TM) SE Runtime Environment (19.0+36) (build 19+36-2238)
# Java VM: Java HotSpot(TM) 64-Bit Server VM (19+36-2238, mixed mode, sharing, tiered, compressed oops, compressed class ptrs, g1 gc, windows-amd64)
GC Precious Log:
 CardTable entry size: 512
 Card Set container configuration: InlinePtr #cards 5 size 8 Array Of Cards #cards 12 size 40 Howl #buckets 4 coarsen threshold 1843 Howl Bitmap #cards 512 size 80 coarsen threshold 460 Card regions per heap region 1 cards per card region 2048
 CPUs: 8 total, 8 available
 Memory: 7926M
 Large Page Support: Disabled
 NUMA Support: Disabled
 Compressed Oops: Enabled (32-bit)
 Heap Region Size: 1M
 Heap Min Capacity: 8M
 Heap Initial Capacity: 124M
 Heap Max Capacity: 2G
 Pre-touch: Disabled
 Parallel Workers: 8
 Concurrent Workers: 2
 Concurrent Refinement Workers: 8
 Periodic GC: Disabled
Heap:
 garbage-first heap   total 391168K, used 260537K [0x0000000080000000, 0x0000000100000000)
  region size 1024K, 3 young (3072K), 3 survivors (3072K)
 Metaspace       used 133556K, committed 136192K, reserved 552960K
  class space    used 18306K, committed 19648K, reserved 421888K
GC Heap History (20 events):
Event: 145.620 GC heap after
{Heap after GC invocations=66 (full 0):
 garbage-first heap   total 292864K, used 207746K [0x0000000080000000, 0x0000000100000000)
  region size 1024K, 2 young (2048K), 2 survivors (2048K)
 Metaspace       used 112278K, committed 114880K, reserved 552960K
  class space    used 15229K, committed 16576K, reserved 421888K
}
Event: 151.806 GC heap before
{Heap before GC invocations=66 (full 0):
 garbage-first heap   total 292864K, used 241538K [0x0000000080000000, 0x0000000100000000)
  region size 1024K, 36 young (36864K), 2 survivors (2048K)
 Metaspace       used 116092K, committed 118656K, reserved 552960K
  class space    used 15743K, committed 17088K, reserved 421888K
}
Event: 151.815 GC heap after
{Heap after GC invocations=67 (full 0):
 garbage-first heap   total 292864K, used 211378K [0x0000000080000000, 0x0000000100000000)
  region size 1024K, 5 young (5120K), 5 survivors (5120K)
 Metaspace       used 116092K, committed 118656K, reserved 552960K
  class space    used 15743K, committed 17088K, reserved 421888K
}
Event: 152.215 GC heap before
{Heap before GC invocations=67 (full 0):
 garbage-first heap   total 292864K, used 230834K [0x0000000080000000, 0x0000000100000000)
  region size 1024K, 26 young (26624K), 5 survivors (5120K)
 Metaspace       used 116459K, committed 118976K, reserved 552960K
  class space    used 15777K, committed 17088K, reserved 421888K
}
Event: 152.306 GC heap after
{Heap after GC invocations=68 (full 0):
 garbage-first heap   total 292864K, used 217590K [0x0000000080000000, 0x0000000100000000)
  region size 1024K, 5 young (5120K), 5 survivors (5120K)
 Metaspace       used 116459K, committed 118976K, reserved 552960K
  class space    used 15777K, committed 17088K, reserved 421888K
}
Event: 153.956 GC heap before
{Heap before GC invocations=68 (full 0):
 garbage-first heap   total 292864K, used 244214K [0x0000000080000000, 0x0000000100000000)
  region size 1024K, 32 young (32768K), 5 survivors (5120K)
 Metaspace       used 119711K, committed 122304K, reserved 552960K
  class space    used 16313K, committed 17664K, reserved 421888K
}
Event: 153.974 GC heap after
{Heap after GC invocations=69 (full 0):
 garbage-first heap   total 292864K, used 220128K [0x0000000080000000, 0x0000000100000000)
  region size 1024K, 2 young (2048K), 2 survivors (2048K)
 Metaspace       used 119711K, committed 122304K, reserved 552960K
  class space    used 16313K, committed 17664K, reserved 421888K
}
Event: 156.760 GC heap before
{Heap before GC invocations=70 (full 0):
 garbage-first heap   total 391168K, used 240608K [0x0000000080000000, 0x0000000100000000)
  region size 1024K, 23 young (23552K), 2 survivors (2048K)
 Metaspace       used 122017K, committed 124608K, reserved 552960K
  class space    used 16767K, committed 18112K, reserved 421888K
}
Event: 156.777 GC heap after
{Heap after GC invocations=71 (full 0):
 garbage-first heap   total 391168K, used 222143K [0x0000000080000000, 0x0000000100000000)
  region size 1024K, 2 young (2048K), 2 survivors (2048K)
 Metaspace       used 122017K, committed 124608K, reserved 552960K
  class space    used 16767K, committed 18112K, reserved 421888K
}
Event: 157.163 GC heap before
{Heap before GC invocations=71 (full 0):
 garbage-first heap   total 391168K, used 241599K [0x0000000080000000, 0x0000000100000000)
  region size 1024K, 19 young (19456K), 2 survivors (2048K)
 Metaspace       used 124037K, committed 126656K, reserved 552960K
  class space    used 17065K, committed 18432K, reserved 421888K
}
Event: 157.179 GC heap after
{Heap after GC invocations=72 (full 0):
 garbage-first heap   total 391168K, used 219655K [0x0000000080000000, 0x0000000100000000)
  region size 1024K, 3 young (3072K), 3 survivors (3072K)
 Metaspace       used 124037K, committed 126656K, reserved 552960K
  class space    used 17065K, committed 18432K, reserved 421888K
}
Event: 158.394 GC heap before
{Heap before GC invocations=72 (full 0):
 garbage-first heap   total 391168K, used 315911K [0x0000000080000000, 0x0000000100000000)
  region size 1024K, 83 young (84992K), 3 survivors (3072K)
 Metaspace       used 127325K, committed 129920K, reserved 552960K
  class space    used 17478K, committed 18816K, reserved 421888K
}
Event: 158.405 GC heap after
{Heap after GC invocations=73 (full 0):
 garbage-first heap   total 391168K, used 226151K [0x0000000080000000, 0x0000000100000000)
  region size 1024K, 5 young (5120K), 5 survivors (5120K)
 Metaspace       used 127325K, committed 129920K, reserved 552960K
  class space    used 17478K, committed 18816K, reserved 421888K
}
Event: 161.003 GC heap before
{Heap before GC invocations=73 (full 0):
 garbage-first heap   total 391168K, used 309095K [0x0000000080000000, 0x0000000100000000)
  region size 1024K, 86 young (88064K), 5 survivors (5120K)
 Metaspace       used 131045K, committed 133632K, reserved 552960K
  class space    used 18031K, committed 19392K, reserved 421888K
}
Event: 161.023 GC heap after
{Heap after GC invocations=74 (full 0):
 garbage-first heap   total 391168K, used 228366K [0x0000000080000000, 0x0000000100000000)
  region size 1024K, 8 young (8192K), 8 survivors (8192K)
 Metaspace       used 131045K, committed 133632K, reserved 552960K
  class space    used 18031K, committed 19392K, reserved 421888K
}
Event: 164.562 GC heap before
{Heap before GC invocations=74 (full 0):
 garbage-first heap   total 391168K, used 317454K [0x0000000080000000, 0x0000000100000000)
  region size 1024K, 92 young (94208K), 8 survivors (8192K)
 Metaspace       used 133096K, committed 135680K, reserved 552960K
  class space    used 18242K, committed 19584K, reserved 421888K
}
Event: 164.584 GC heap after
{Heap after GC invocations=75 (full 0):
 garbage-first heap   total 391168K, used 231589K [0x0000000080000000, 0x0000000100000000)
  region size 1024K, 11 young (11264K), 11 survivors (11264K)
 Metaspace       used 133096K, committed 135680K, reserved 552960K
  class space    used 18242K, committed 19584K, reserved 421888K
}
Event: 165.295 GC heap before
{Heap before GC invocations=75 (full 0):
 garbage-first heap   total 391168K, used 289957K [0x0000000080000000, 0x0000000100000000)
  region size 1024K, 26 young (26624K), 11 survivors (11264K)
 Metaspace       used 133556K, committed 136192K, reserved 552960K
  class space    used 18306K, committed 19648K, reserved 421888K
}
Event: 165.417 GC heap after
{Heap after GC invocations=76 (full 0):
 garbage-first heap   total 391168K, used 257835K [0x0000000080000000, 0x0000000100000000)
  region size 1024K, 4 young (4096K), 4 survivors (4096K)
 Metaspace       used 133556K, committed 136192K, reserved 552960K
  class space    used 18306K, committed 19648K, reserved 421888K
}
Event: 165.445 GC heap before
{Heap before GC invocations=76 (full 0):
 garbage-first heap   total 391168K, used 277291K [0x0000000080000000, 0x0000000100000000)
  region size 1024K, 6 young (6144K), 4 survivors (4096K)
 Metaspace       used 133556K, committed 136192K, reserved 552960K
  class space    used 18306K, committed 19648K, reserved 421888K
}

